<?xml version="1.0" encoding="UTF-8"?>
<!-- Generated by org.testng.reporters.JUnitXMLReporter -->
<testsuite hostname="DESKTOP-073AVQH" ignored="0" name="Command line test" tests="2" failures="0" timestamp="2021-04-12T12:53:54 IST" time="0.071" errors="0">
  <testcase name="LoginTestValidation" time="0.011" classname="FunctionalTestSuite.DemoBlaze.LoginTest"/>
  <testcase name="SignUPTestValidation" time="0.0" classname="FunctionalTestSuite.DemoBlaze.SignUpTest"/>
</testsuite> <!-- Command line test -->
