<?xml version="1.0" encoding="UTF-8"?>
<testng-results skipped="0" failed="0" ignored="0" total="2" passed="2">
  <reporter-output>
  </reporter-output>
  <suite name="Command line suite" duration-ms="71" started-at="2021-04-12T12:53:54 IST" finished-at="2021-04-12T12:53:54 IST">
    <groups>
    </groups>
    <test name="Command line test" duration-ms="71" started-at="2021-04-12T12:53:54 IST" finished-at="2021-04-12T12:53:54 IST">
      <class name="FunctionalTestSuite.DemoBlaze.SignUpTest">
        <test-method status="PASS" signature="SignUPTestValidation()[pri:0, instance:FunctionalTestSuite.DemoBlaze.SignUpTest@1ed4004b]" name="SignUPTestValidation" duration-ms="0" started-at="2021-04-12T12:53:54 IST" finished-at="2021-04-12T12:53:54 IST">
          <reporter-output>
          </reporter-output>
        </test-method> <!-- SignUPTestValidation -->
      </class> <!-- FunctionalTestSuite.DemoBlaze.SignUpTest -->
      <class name="FunctionalTestSuite.DemoBlaze.LoginTest">
        <test-method status="PASS" signature="LoginTestValidation()[pri:0, instance:FunctionalTestSuite.DemoBlaze.LoginTest@3f49dace]" name="LoginTestValidation" duration-ms="11" started-at="2021-04-12T12:53:54 IST" finished-at="2021-04-12T12:53:54 IST">
          <reporter-output>
          </reporter-output>
        </test-method> <!-- LoginTestValidation -->
      </class> <!-- FunctionalTestSuite.DemoBlaze.LoginTest -->
    </test> <!-- Command line test -->
  </suite> <!-- Command line suite -->
</testng-results>
